<?xml version="1.0" encoding="UTF-8"?>
<!-- Generated by org.testng.reporters.JUnitReportReporter -->
<testsuite hostname="LAPTOP-RU5AGNDD" name="test.HomePage" tests="2" failures="0" timestamp="29 Apr 2020 19:48:44 GMT" time="28.020" errors="0">
  <testcase name="basepageNavigation" time="17.731" classname="test.HomePage"/>
  <testcase name="basepageNavigation" time="10.289" classname="test.HomePage"/>
</testsuite> <!-- test.HomePage -->
