<?xml version="1.0" encoding="UTF-8"?>
<!-- Generated by org.testng.reporters.JUnitReportReporter -->
<testsuite hostname="LAPTOP-RU5AGNDD" failures="0" tests="1" name="test.validateTitle" time="0.159" errors="0" timestamp="29 Apr 2020 18:45:04 GMT">
  <testcase classname="test.validateTitle" name="basepageNavigation" time="0.159"/>
</testsuite> <!-- test.validateTitle -->
