<?xml version="1.0" encoding="UTF-8"?>
<!-- Generated by org.testng.reporters.JUnitReportReporter -->
<testsuite hostname="LAPTOP-RU5AGNDD" failures="0" tests="2" name="test.HomePage" time="36.810" errors="0" timestamp="29 Apr 2020 18:45:04 GMT">
  <testcase classname="test.HomePage" name="basepageNavigation" time="20.720"/>
  <testcase classname="test.HomePage" name="basepageNavigation" time="16.090"/>
</testsuite> <!-- test.HomePage -->
